cl : command line  warning D9035: option 'Gm' has been deprecated and will be removed in a future release
  example1.cpp
D:\2025\dhmt\btl36\BaiTHso3_2_project_Cube\BaiTHso3_2_project_Cube\GLSLExperiment\example1.cpp(53,32): warning C4305: 'initializing': truncation from 'double' to 'GLfloat'
D:\2025\dhmt\btl36\BaiTHso3_2_project_Cube\BaiTHso3_2_project_Cube\GLSLExperiment\example1.cpp(53,49): warning C4305: 'initializing': truncation from 'double' to 'GLfloat'
D:\2025\dhmt\btl36\BaiTHso3_2_project_Cube\BaiTHso3_2_project_Cube\GLSLExperiment\example1.cpp(157,32): warning C4305: 'argument': truncation from 'double' to 'GLfloat'
D:\2025\dhmt\btl36\BaiTHso3_2_project_Cube\BaiTHso3_2_project_Cube\GLSLExperiment\example1.cpp(157,27): warning C4305: 'argument': truncation from 'double' to 'GLfloat'
D:\2025\dhmt\btl36\BaiTHso3_2_project_Cube\BaiTHso3_2_project_Cube\GLSLExperiment\example1.cpp(157,22): warning C4305: 'argument': truncation from 'double' to 'GLfloat'
D:\2025\dhmt\btl36\BaiTHso3_2_project_Cube\BaiTHso3_2_project_Cube\GLSLExperiment\example1.cpp(158,33): warning C4305: 'argument': truncation from 'double' to 'GLfloat'
D:\2025\dhmt\btl36\BaiTHso3_2_project_Cube\BaiTHso3_2_project_Cube\GLSLExperiment\example1.cpp(158,27): warning C4305: 'argument': truncation from 'double' to 'GLfloat'
D:\2025\dhmt\btl36\BaiTHso3_2_project_Cube\BaiTHso3_2_project_Cube\GLSLExperiment\example1.cpp(186,22): warning C4305: 'argument': truncation from 'double' to 'GLfloat'
D:\2025\dhmt\btl36\BaiTHso3_2_project_Cube\BaiTHso3_2_project_Cube\GLSLExperiment\example1.cpp(186,16): warning C4305: 'argument': truncation from 'double' to 'GLfloat'
D:\2025\dhmt\btl36\BaiTHso3_2_project_Cube\BaiTHso3_2_project_Cube\GLSLExperiment\example1.cpp(186,10): warning C4305: 'argument': truncation from 'double' to 'GLfloat'
D:\2025\dhmt\btl36\BaiTHso3_2_project_Cube\BaiTHso3_2_project_Cube\GLSLExperiment\example1.cpp(187,22): warning C4305: 'argument': truncation from 'double' to 'GLfloat'
D:\2025\dhmt\btl36\BaiTHso3_2_project_Cube\BaiTHso3_2_project_Cube\GLSLExperiment\example1.cpp(187,16): warning C4305: 'argument': truncation from 'double' to 'GLfloat'
D:\2025\dhmt\btl36\BaiTHso3_2_project_Cube\BaiTHso3_2_project_Cube\GLSLExperiment\example1.cpp(187,10): warning C4305: 'argument': truncation from 'double' to 'GLfloat'
D:\2025\dhmt\btl36\BaiTHso3_2_project_Cube\BaiTHso3_2_project_Cube\GLSLExperiment\example1.cpp(188,20): warning C4305: 'argument': truncation from 'double' to 'GLfloat'
D:\2025\dhmt\btl36\BaiTHso3_2_project_Cube\BaiTHso3_2_project_Cube\GLSLExperiment\example1.cpp(188,15): warning C4305: 'argument': truncation from 'double' to 'GLfloat'
D:\2025\dhmt\btl36\BaiTHso3_2_project_Cube\BaiTHso3_2_project_Cube\GLSLExperiment\example1.cpp(188,10): warning C4305: 'argument': truncation from 'double' to 'GLfloat'
D:\2025\dhmt\btl36\BaiTHso3_2_project_Cube\BaiTHso3_2_project_Cube\GLSLExperiment\example1.cpp(193,35): warning C4305: 'argument': truncation from 'double' to 'const GLfloat'
D:\2025\dhmt\btl36\BaiTHso3_2_project_Cube\BaiTHso3_2_project_Cube\GLSLExperiment\example1.cpp(193,53): warning C4244: 'argument': conversion from 'int' to 'const GLfloat', possible loss of data
D:\2025\dhmt\btl36\BaiTHso3_2_project_Cube\BaiTHso3_2_project_Cube\GLSLExperiment\example1.cpp(193,75): warning C4305: 'argument': truncation from 'double' to 'const GLfloat'
D:\2025\dhmt\btl36\BaiTHso3_2_project_Cube\BaiTHso3_2_project_Cube\GLSLExperiment\example1.cpp(193,70): warning C4305: 'argument': truncation from 'double' to 'const GLfloat'
D:\2025\dhmt\btl36\BaiTHso3_2_project_Cube\BaiTHso3_2_project_Cube\GLSLExperiment\example1.cpp(193,64): warning C4305: 'argument': truncation from 'double' to 'const GLfloat'
D:\2025\dhmt\btl36\BaiTHso3_2_project_Cube\BaiTHso3_2_project_Cube\GLSLExperiment\example1.cpp(201,22): warning C4305: 'argument': truncation from 'double' to 'GLfloat'
D:\2025\dhmt\btl36\BaiTHso3_2_project_Cube\BaiTHso3_2_project_Cube\GLSLExperiment\example1.cpp(201,16): warning C4305: 'argument': truncation from 'double' to 'GLfloat'
D:\2025\dhmt\btl36\BaiTHso3_2_project_Cube\BaiTHso3_2_project_Cube\GLSLExperiment\example1.cpp(201,10): warning C4305: 'argument': truncation from 'double' to 'GLfloat'
D:\2025\dhmt\btl36\BaiTHso3_2_project_Cube\BaiTHso3_2_project_Cube\GLSLExperiment\example1.cpp(202,22): warning C4305: 'argument': truncation from 'double' to 'GLfloat'
D:\2025\dhmt\btl36\BaiTHso3_2_project_Cube\BaiTHso3_2_project_Cube\GLSLExperiment\example1.cpp(202,16): warning C4305: 'argument': truncation from 'double' to 'GLfloat'
D:\2025\dhmt\btl36\BaiTHso3_2_project_Cube\BaiTHso3_2_project_Cube\GLSLExperiment\example1.cpp(202,10): warning C4305: 'argument': truncation from 'double' to 'GLfloat'
D:\2025\dhmt\btl36\BaiTHso3_2_project_Cube\BaiTHso3_2_project_Cube\GLSLExperiment\example1.cpp(203,20): warning C4305: 'argument': truncation from 'double' to 'GLfloat'
D:\2025\dhmt\btl36\BaiTHso3_2_project_Cube\BaiTHso3_2_project_Cube\GLSLExperiment\example1.cpp(203,15): warning C4305: 'argument': truncation from 'double' to 'GLfloat'
D:\2025\dhmt\btl36\BaiTHso3_2_project_Cube\BaiTHso3_2_project_Cube\GLSLExperiment\example1.cpp(203,10): warning C4305: 'argument': truncation from 'double' to 'GLfloat'
D:\2025\dhmt\btl36\BaiTHso3_2_project_Cube\BaiTHso3_2_project_Cube\GLSLExperiment\example1.cpp(208,30): warning C4244: 'argument': conversion from 'int' to 'const GLfloat', possible loss of data
D:\2025\dhmt\btl36\BaiTHso3_2_project_Cube\BaiTHso3_2_project_Cube\GLSLExperiment\example1.cpp(208,51): warning C4305: 'argument': truncation from 'double' to 'const GLfloat'
D:\2025\dhmt\btl36\BaiTHso3_2_project_Cube\BaiTHso3_2_project_Cube\GLSLExperiment\example1.cpp(208,46): warning C4305: 'argument': truncation from 'double' to 'const GLfloat'
D:\2025\dhmt\btl36\BaiTHso3_2_project_Cube\BaiTHso3_2_project_Cube\GLSLExperiment\example1.cpp(216,22): warning C4305: 'argument': truncation from 'double' to 'GLfloat'
D:\2025\dhmt\btl36\BaiTHso3_2_project_Cube\BaiTHso3_2_project_Cube\GLSLExperiment\example1.cpp(216,16): warning C4305: 'argument': truncation from 'double' to 'GLfloat'
D:\2025\dhmt\btl36\BaiTHso3_2_project_Cube\BaiTHso3_2_project_Cube\GLSLExperiment\example1.cpp(216,10): warning C4305: 'argument': truncation from 'double' to 'GLfloat'
D:\2025\dhmt\btl36\BaiTHso3_2_project_Cube\BaiTHso3_2_project_Cube\GLSLExperiment\example1.cpp(217,22): warning C4305: 'argument': truncation from 'double' to 'GLfloat'
D:\2025\dhmt\btl36\BaiTHso3_2_project_Cube\BaiTHso3_2_project_Cube\GLSLExperiment\example1.cpp(217,16): warning C4305: 'argument': truncation from 'double' to 'GLfloat'
D:\2025\dhmt\btl36\BaiTHso3_2_project_Cube\BaiTHso3_2_project_Cube\GLSLExperiment\example1.cpp(217,10): warning C4305: 'argument': truncation from 'double' to 'GLfloat'
D:\2025\dhmt\btl36\BaiTHso3_2_project_Cube\BaiTHso3_2_project_Cube\GLSLExperiment\example1.cpp(218,20): warning C4305: 'argument': truncation from 'double' to 'GLfloat'
D:\2025\dhmt\btl36\BaiTHso3_2_project_Cube\BaiTHso3_2_project_Cube\GLSLExperiment\example1.cpp(218,15): warning C4305: 'argument': truncation from 'double' to 'GLfloat'
D:\2025\dhmt\btl36\BaiTHso3_2_project_Cube\BaiTHso3_2_project_Cube\GLSLExperiment\example1.cpp(218,10): warning C4305: 'argument': truncation from 'double' to 'GLfloat'
D:\2025\dhmt\btl36\BaiTHso3_2_project_Cube\BaiTHso3_2_project_Cube\GLSLExperiment\example1.cpp(224,30): warning C4244: 'argument': conversion from 'int' to 'const GLfloat', possible loss of data
D:\2025\dhmt\btl36\BaiTHso3_2_project_Cube\BaiTHso3_2_project_Cube\GLSLExperiment\example1.cpp(224,45): warning C4305: 'argument': truncation from 'double' to 'const GLfloat'
D:\2025\dhmt\btl36\BaiTHso3_2_project_Cube\BaiTHso3_2_project_Cube\GLSLExperiment\example1.cpp(224,79): warning C4305: 'argument': truncation from 'double' to 'const GLfloat'
D:\2025\dhmt\btl36\BaiTHso3_2_project_Cube\BaiTHso3_2_project_Cube\GLSLExperiment\example1.cpp(224,73): warning C4305: 'argument': truncation from 'double' to 'const GLfloat'
D:\2025\dhmt\btl36\BaiTHso3_2_project_Cube\BaiTHso3_2_project_Cube\GLSLExperiment\example1.cpp(224,68): warning C4305: 'argument': truncation from 'double' to 'const GLfloat'
D:\2025\dhmt\btl36\BaiTHso3_2_project_Cube\BaiTHso3_2_project_Cube\GLSLExperiment\example1.cpp(252,22): warning C4305: 'argument': truncation from 'double' to 'GLfloat'
D:\2025\dhmt\btl36\BaiTHso3_2_project_Cube\BaiTHso3_2_project_Cube\GLSLExperiment\example1.cpp(252,16): warning C4305: 'argument': truncation from 'double' to 'GLfloat'
D:\2025\dhmt\btl36\BaiTHso3_2_project_Cube\BaiTHso3_2_project_Cube\GLSLExperiment\example1.cpp(252,10): warning C4305: 'argument': truncation from 'double' to 'GLfloat'
D:\2025\dhmt\btl36\BaiTHso3_2_project_Cube\BaiTHso3_2_project_Cube\GLSLExperiment\example1.cpp(253,22): warning C4305: 'argument': truncation from 'double' to 'GLfloat'
D:\2025\dhmt\btl36\BaiTHso3_2_project_Cube\BaiTHso3_2_project_Cube\GLSLExperiment\example1.cpp(253,16): warning C4305: 'argument': truncation from 'double' to 'GLfloat'
D:\2025\dhmt\btl36\BaiTHso3_2_project_Cube\BaiTHso3_2_project_Cube\GLSLExperiment\example1.cpp(253,10): warning C4305: 'argument': truncation from 'double' to 'GLfloat'
D:\2025\dhmt\btl36\BaiTHso3_2_project_Cube\BaiTHso3_2_project_Cube\GLSLExperiment\example1.cpp(254,22): warning C4305: 'argument': truncation from 'double' to 'GLfloat'
D:\2025\dhmt\btl36\BaiTHso3_2_project_Cube\BaiTHso3_2_project_Cube\GLSLExperiment\example1.cpp(254,16): warning C4305: 'argument': truncation from 'double' to 'GLfloat'
D:\2025\dhmt\btl36\BaiTHso3_2_project_Cube\BaiTHso3_2_project_Cube\GLSLExperiment\example1.cpp(254,10): warning C4305: 'argument': truncation from 'double' to 'GLfloat'
D:\2025\dhmt\btl36\BaiTHso3_2_project_Cube\BaiTHso3_2_project_Cube\GLSLExperiment\example1.cpp(257,28): warning C4305: 'argument': truncation from 'double' to 'GLfloat'
D:\2025\dhmt\btl36\BaiTHso3_2_project_Cube\BaiTHso3_2_project_Cube\GLSLExperiment\example1.cpp(257,22): warning C4305: 'argument': truncation from 'double' to 'GLfloat'
D:\2025\dhmt\btl36\BaiTHso3_2_project_Cube\BaiTHso3_2_project_Cube\GLSLExperiment\example1.cpp(257,49): warning C4305: 'argument': truncation from 'double' to 'GLfloat'
D:\2025\dhmt\btl36\BaiTHso3_2_project_Cube\BaiTHso3_2_project_Cube\GLSLExperiment\example1.cpp(257,44): warning C4305: 'argument': truncation from 'double' to 'GLfloat'
D:\2025\dhmt\btl36\BaiTHso3_2_project_Cube\BaiTHso3_2_project_Cube\GLSLExperiment\example1.cpp(257,39): warning C4305: 'argument': truncation from 'double' to 'GLfloat'
D:\2025\dhmt\btl36\BaiTHso3_2_project_Cube\BaiTHso3_2_project_Cube\GLSLExperiment\example1.cpp(262,22): warning C4305: 'argument': truncation from 'double' to 'GLfloat'
D:\2025\dhmt\btl36\BaiTHso3_2_project_Cube\BaiTHso3_2_project_Cube\GLSLExperiment\example1.cpp(262,16): warning C4305: 'argument': truncation from 'double' to 'GLfloat'
D:\2025\dhmt\btl36\BaiTHso3_2_project_Cube\BaiTHso3_2_project_Cube\GLSLExperiment\example1.cpp(262,10): warning C4305: 'argument': truncation from 'double' to 'GLfloat'
D:\2025\dhmt\btl36\BaiTHso3_2_project_Cube\BaiTHso3_2_project_Cube\GLSLExperiment\example1.cpp(263,22): warning C4305: 'argument': truncation from 'double' to 'GLfloat'
D:\2025\dhmt\btl36\BaiTHso3_2_project_Cube\BaiTHso3_2_project_Cube\GLSLExperiment\example1.cpp(263,16): warning C4305: 'argument': truncation from 'double' to 'GLfloat'
D:\2025\dhmt\btl36\BaiTHso3_2_project_Cube\BaiTHso3_2_project_Cube\GLSLExperiment\example1.cpp(263,10): warning C4305: 'argument': truncation from 'double' to 'GLfloat'
D:\2025\dhmt\btl36\BaiTHso3_2_project_Cube\BaiTHso3_2_project_Cube\GLSLExperiment\example1.cpp(264,22): warning C4305: 'argument': truncation from 'double' to 'GLfloat'
D:\2025\dhmt\btl36\BaiTHso3_2_project_Cube\BaiTHso3_2_project_Cube\GLSLExperiment\example1.cpp(264,16): warning C4305: 'argument': truncation from 'double' to 'GLfloat'
D:\2025\dhmt\btl36\BaiTHso3_2_project_Cube\BaiTHso3_2_project_Cube\GLSLExperiment\example1.cpp(264,10): warning C4305: 'argument': truncation from 'double' to 'GLfloat'
D:\2025\dhmt\btl36\BaiTHso3_2_project_Cube\BaiTHso3_2_project_Cube\GLSLExperiment\example1.cpp(267,43): warning C4305: 'argument': truncation from 'double' to 'const GLfloat'
D:\2025\dhmt\btl36\BaiTHso3_2_project_Cube\BaiTHso3_2_project_Cube\GLSLExperiment\example1.cpp(267,37): warning C4305: 'argument': truncation from 'double' to 'const GLfloat'
D:\2025\dhmt\btl36\BaiTHso3_2_project_Cube\BaiTHso3_2_project_Cube\GLSLExperiment\example1.cpp(268,27): warning C4305: 'argument': truncation from 'double' to 'GLfloat'
D:\2025\dhmt\btl36\BaiTHso3_2_project_Cube\BaiTHso3_2_project_Cube\GLSLExperiment\example1.cpp(268,49): warning C4305: 'argument': truncation from 'double' to 'GLfloat'
D:\2025\dhmt\btl36\BaiTHso3_2_project_Cube\BaiTHso3_2_project_Cube\GLSLExperiment\example1.cpp(268,44): warning C4305: 'argument': truncation from 'double' to 'GLfloat'
D:\2025\dhmt\btl36\BaiTHso3_2_project_Cube\BaiTHso3_2_project_Cube\GLSLExperiment\example1.cpp(268,39): warning C4305: 'argument': truncation from 'double' to 'GLfloat'
D:\2025\dhmt\btl36\BaiTHso3_2_project_Cube\BaiTHso3_2_project_Cube\GLSLExperiment\example1.cpp(269,28): warning C4305: 'argument': truncation from 'double' to 'GLfloat'
D:\2025\dhmt\btl36\BaiTHso3_2_project_Cube\BaiTHso3_2_project_Cube\GLSLExperiment\example1.cpp(269,22): warning C4305: 'argument': truncation from 'double' to 'GLfloat'
D:\2025\dhmt\btl36\BaiTHso3_2_project_Cube\BaiTHso3_2_project_Cube\GLSLExperiment\example1.cpp(269,50): warning C4305: 'argument': truncation from 'double' to 'GLfloat'
D:\2025\dhmt\btl36\BaiTHso3_2_project_Cube\BaiTHso3_2_project_Cube\GLSLExperiment\example1.cpp(269,45): warning C4305: 'argument': truncation from 'double' to 'GLfloat'
D:\2025\dhmt\btl36\BaiTHso3_2_project_Cube\BaiTHso3_2_project_Cube\GLSLExperiment\example1.cpp(269,40): warning C4305: 'argument': truncation from 'double' to 'GLfloat'
D:\2025\dhmt\btl36\BaiTHso3_2_project_Cube\BaiTHso3_2_project_Cube\GLSLExperiment\example1.cpp(271,28): warning C4305: 'argument': truncation from 'double' to 'GLfloat'
D:\2025\dhmt\btl36\BaiTHso3_2_project_Cube\BaiTHso3_2_project_Cube\GLSLExperiment\example1.cpp(271,22): warning C4305: 'argument': truncation from 'double' to 'GLfloat'
D:\2025\dhmt\btl36\BaiTHso3_2_project_Cube\BaiTHso3_2_project_Cube\GLSLExperiment\example1.cpp(271,51): warning C4305: 'argument': truncation from 'double' to 'GLfloat'
D:\2025\dhmt\btl36\BaiTHso3_2_project_Cube\BaiTHso3_2_project_Cube\GLSLExperiment\example1.cpp(271,45): warning C4305: 'argument': truncation from 'double' to 'GLfloat'
D:\2025\dhmt\btl36\BaiTHso3_2_project_Cube\BaiTHso3_2_project_Cube\GLSLExperiment\example1.cpp(271,40): warning C4305: 'argument': truncation from 'double' to 'GLfloat'
D:\2025\dhmt\btl36\BaiTHso3_2_project_Cube\BaiTHso3_2_project_Cube\GLSLExperiment\example1.cpp(272,29): warning C4305: 'argument': truncation from 'double' to 'GLfloat'
D:\2025\dhmt\btl36\BaiTHso3_2_project_Cube\BaiTHso3_2_project_Cube\GLSLExperiment\example1.cpp(272,22): warning C4305: 'argument': truncation from 'double' to 'GLfloat'
D:\2025\dhmt\btl36\BaiTHso3_2_project_Cube\BaiTHso3_2_project_Cube\GLSLExperiment\example1.cpp(272,52): warning C4305: 'argument': truncation from 'double' to 'GLfloat'
D:\2025\dhmt\btl36\BaiTHso3_2_project_Cube\BaiTHso3_2_project_Cube\GLSLExperiment\example1.cpp(272,46): warning C4305: 'argument': truncation from 'double' to 'GLfloat'
D:\2025\dhmt\btl36\BaiTHso3_2_project_Cube\BaiTHso3_2_project_Cube\GLSLExperiment\example1.cpp(272,41): warning C4305: 'argument': truncation from 'double' to 'GLfloat'
D:\2025\dhmt\btl36\BaiTHso3_2_project_Cube\BaiTHso3_2_project_Cube\GLSLExperiment\example1.cpp(274,29): warning C4305: 'argument': truncation from 'double' to 'GLfloat'
D:\2025\dhmt\btl36\BaiTHso3_2_project_Cube\BaiTHso3_2_project_Cube\GLSLExperiment\example1.cpp(274,17): warning C4305: 'argument': truncation from 'double' to 'GLfloat'
D:\2025\dhmt\btl36\BaiTHso3_2_project_Cube\BaiTHso3_2_project_Cube\GLSLExperiment\example1.cpp(274,52): warning C4305: 'argument': truncation from 'double' to 'GLfloat'
D:\2025\dhmt\btl36\BaiTHso3_2_project_Cube\BaiTHso3_2_project_Cube\GLSLExperiment\example1.cpp(274,47): warning C4305: 'argument': truncation from 'double' to 'GLfloat'
D:\2025\dhmt\btl36\BaiTHso3_2_project_Cube\BaiTHso3_2_project_Cube\GLSLExperiment\example1.cpp(274,41): warning C4305: 'argument': truncation from 'double' to 'GLfloat'
D:\2025\dhmt\btl36\BaiTHso3_2_project_Cube\BaiTHso3_2_project_Cube\GLSLExperiment\example1.cpp(275,28): warning C4305: 'argument': truncation from 'double' to 'GLfloat'
D:\2025\dhmt\btl36\BaiTHso3_2_project_Cube\BaiTHso3_2_project_Cube\GLSLExperiment\example1.cpp(275,17): warning C4305: 'argument': truncation from 'double' to 'GLfloat'
D:\2025\dhmt\btl36\BaiTHso3_2_project_Cube\BaiTHso3_2_project_Cube\GLSLExperiment\example1.cpp(275,51): warning C4305: 'argument': truncation from 'double' to 'GLfloat'
D:\2025\dhmt\btl36\BaiTHso3_2_project_Cube\BaiTHso3_2_project_Cube\GLSLExperiment\example1.cpp(275,46): warning C4305: 'argument': truncation from 'double' to 'GLfloat'
D:\2025\dhmt\btl36\BaiTHso3_2_project_Cube\BaiTHso3_2_project_Cube\GLSLExperiment\example1.cpp(275,40): warning C4305: 'argument': truncation from 'double' to 'GLfloat'
D:\2025\dhmt\btl36\BaiTHso3_2_project_Cube\BaiTHso3_2_project_Cube\GLSLExperiment\example1.cpp(276,46): warning C4305: 'argument': truncation from 'double' to 'const GLfloat'
D:\2025\dhmt\btl36\BaiTHso3_2_project_Cube\BaiTHso3_2_project_Cube\GLSLExperiment\example1.cpp(276,40): warning C4305: 'argument': truncation from 'double' to 'const GLfloat'
D:\2025\dhmt\btl36\BaiTHso3_2_project_Cube\BaiTHso3_2_project_Cube\GLSLExperiment\example1.cpp(276,111): warning C4305: 'argument': truncation from 'double' to 'const GLfloat'
D:\2025\dhmt\btl36\BaiTHso3_2_project_Cube\BaiTHso3_2_project_Cube\GLSLExperiment\example1.cpp(276,105): warning C4305: 'argument': truncation from 'double' to 'const GLfloat'
D:\2025\dhmt\btl36\BaiTHso3_2_project_Cube\BaiTHso3_2_project_Cube\GLSLExperiment\example1.cpp(291,22): warning C4305: 'argument': truncation from 'double' to 'GLfloat'
D:\2025\dhmt\btl36\BaiTHso3_2_project_Cube\BaiTHso3_2_project_Cube\GLSLExperiment\example1.cpp(291,16): warning C4305: 'argument': truncation from 'double' to 'GLfloat'
D:\2025\dhmt\btl36\BaiTHso3_2_project_Cube\BaiTHso3_2_project_Cube\GLSLExperiment\example1.cpp(291,10): warning C4305: 'argument': truncation from 'double' to 'GLfloat'
D:\2025\dhmt\btl36\BaiTHso3_2_project_Cube\BaiTHso3_2_project_Cube\GLSLExperiment\example1.cpp(292,22): warning C4305: 'argument': truncation from 'double' to 'GLfloat'
D:\2025\dhmt\btl36\BaiTHso3_2_project_Cube\BaiTHso3_2_project_Cube\GLSLExperiment\example1.cpp(292,16): warning C4305: 'argument': truncation from 'double' to 'GLfloat'
D:\2025\dhmt\btl36\BaiTHso3_2_project_Cube\BaiTHso3_2_project_Cube\GLSLExperiment\example1.cpp(292,10): warning C4305: 'argument': truncation from 'double' to 'GLfloat'
D:\2025\dhmt\btl36\BaiTHso3_2_project_Cube\BaiTHso3_2_project_Cube\GLSLExperiment\example1.cpp(293,22): warning C4305: 'argument': truncation from 'double' to 'GLfloat'
D:\2025\dhmt\btl36\BaiTHso3_2_project_Cube\BaiTHso3_2_project_Cube\GLSLExperiment\example1.cpp(293,16): warning C4305: 'argument': truncation from 'double' to 'GLfloat'
D:\2025\dhmt\btl36\BaiTHso3_2_project_Cube\BaiTHso3_2_project_Cube\GLSLExperiment\example1.cpp(293,10): warning C4305: 'argument': truncation from 'double' to 'GLfloat'
D:\2025\dhmt\btl36\BaiTHso3_2_project_Cube\BaiTHso3_2_project_Cube\GLSLExperiment\example1.cpp(298,43): warning C4305: 'argument': truncation from 'double' to 'GLfloat'
D:\2025\dhmt\btl36\BaiTHso3_2_project_Cube\BaiTHso3_2_project_Cube\GLSLExperiment\example1.cpp(302,20): warning C4305: 'argument': truncation from 'double' to 'GLfloat'
D:\2025\dhmt\btl36\BaiTHso3_2_project_Cube\BaiTHso3_2_project_Cube\GLSLExperiment\example1.cpp(302,15): warning C4305: 'argument': truncation from 'double' to 'GLfloat'
D:\2025\dhmt\btl36\BaiTHso3_2_project_Cube\BaiTHso3_2_project_Cube\GLSLExperiment\example1.cpp(302,10): warning C4305: 'argument': truncation from 'double' to 'GLfloat'
D:\2025\dhmt\btl36\BaiTHso3_2_project_Cube\BaiTHso3_2_project_Cube\GLSLExperiment\example1.cpp(303,22): warning C4305: 'argument': truncation from 'double' to 'GLfloat'
D:\2025\dhmt\btl36\BaiTHso3_2_project_Cube\BaiTHso3_2_project_Cube\GLSLExperiment\example1.cpp(303,16): warning C4305: 'argument': truncation from 'double' to 'GLfloat'
D:\2025\dhmt\btl36\BaiTHso3_2_project_Cube\BaiTHso3_2_project_Cube\GLSLExperiment\example1.cpp(303,10): warning C4305: 'argument': truncation from 'double' to 'GLfloat'
D:\2025\dhmt\btl36\BaiTHso3_2_project_Cube\BaiTHso3_2_project_Cube\GLSLExperiment\example1.cpp(308,42): warning C4305: 'argument': truncation from 'double' to 'GLfloat'
D:\2025\dhmt\btl36\BaiTHso3_2_project_Cube\BaiTHso3_2_project_Cube\GLSLExperiment\example1.cpp(311,45): warning C4305: 'argument': truncation from 'double' to 'GLfloat'
D:\2025\dhmt\btl36\BaiTHso3_2_project_Cube\BaiTHso3_2_project_Cube\GLSLExperiment\example1.cpp(314,40): warning C4305: 'argument': truncation from 'double' to 'GLfloat'
D:\2025\dhmt\btl36\BaiTHso3_2_project_Cube\BaiTHso3_2_project_Cube\GLSLExperiment\example1.cpp(317,39): warning C4305: 'argument': truncation from 'double' to 'GLfloat'
D:\2025\dhmt\btl36\BaiTHso3_2_project_Cube\BaiTHso3_2_project_Cube\GLSLExperiment\example1.cpp(321,49): warning C4305: 'argument': truncation from 'double' to 'GLfloat'
D:\2025\dhmt\btl36\BaiTHso3_2_project_Cube\BaiTHso3_2_project_Cube\GLSLExperiment\example1.cpp(322,48): warning C4305: 'argument': truncation from 'double' to 'GLfloat'
D:\2025\dhmt\btl36\BaiTHso3_2_project_Cube\BaiTHso3_2_project_Cube\GLSLExperiment\example1.cpp(324,48): warning C4305: 'argument': truncation from 'double' to 'GLfloat'
D:\2025\dhmt\btl36\BaiTHso3_2_project_Cube\BaiTHso3_2_project_Cube\GLSLExperiment\example1.cpp(329,35): warning C4305: 'argument': truncation from 'double' to 'GLfloat'
D:\2025\dhmt\btl36\BaiTHso3_2_project_Cube\BaiTHso3_2_project_Cube\GLSLExperiment\example1.cpp(329,29): warning C4305: 'argument': truncation from 'double' to 'GLfloat'
D:\2025\dhmt\btl36\BaiTHso3_2_project_Cube\BaiTHso3_2_project_Cube\GLSLExperiment\example1.cpp(331,34): warning C4305: 'argument': truncation from 'double' to 'GLfloat'
D:\2025\dhmt\btl36\BaiTHso3_2_project_Cube\BaiTHso3_2_project_Cube\GLSLExperiment\example1.cpp(331,29): warning C4305: 'argument': truncation from 'double' to 'GLfloat'
D:\2025\dhmt\btl36\BaiTHso3_2_project_Cube\BaiTHso3_2_project_Cube\GLSLExperiment\example1.cpp(331,24): warning C4305: 'argument': truncation from 'double' to 'GLfloat'
D:\2025\dhmt\btl36\BaiTHso3_2_project_Cube\BaiTHso3_2_project_Cube\GLSLExperiment\example1.cpp(334,20): warning C4305: 'argument': truncation from 'double' to 'GLfloat'
D:\2025\dhmt\btl36\BaiTHso3_2_project_Cube\BaiTHso3_2_project_Cube\GLSLExperiment\example1.cpp(334,15): warning C4305: 'argument': truncation from 'double' to 'GLfloat'
D:\2025\dhmt\btl36\BaiTHso3_2_project_Cube\BaiTHso3_2_project_Cube\GLSLExperiment\example1.cpp(334,10): warning C4305: 'argument': truncation from 'double' to 'GLfloat'
D:\2025\dhmt\btl36\BaiTHso3_2_project_Cube\BaiTHso3_2_project_Cube\GLSLExperiment\example1.cpp(335,22): warning C4305: 'argument': truncation from 'double' to 'GLfloat'
D:\2025\dhmt\btl36\BaiTHso3_2_project_Cube\BaiTHso3_2_project_Cube\GLSLExperiment\example1.cpp(335,16): warning C4305: 'argument': truncation from 'double' to 'GLfloat'
D:\2025\dhmt\btl36\BaiTHso3_2_project_Cube\BaiTHso3_2_project_Cube\GLSLExperiment\example1.cpp(335,10): warning C4305: 'argument': truncation from 'double' to 'GLfloat'
D:\2025\dhmt\btl36\BaiTHso3_2_project_Cube\BaiTHso3_2_project_Cube\GLSLExperiment\example1.cpp(340,24): warning C4305: 'argument': truncation from 'double' to 'GLfloat'
D:\2025\dhmt\btl36\BaiTHso3_2_project_Cube\BaiTHso3_2_project_Cube\GLSLExperiment\example1.cpp(340,52): warning C4305: 'argument': truncation from 'double' to 'GLfloat'
D:\2025\dhmt\btl36\BaiTHso3_2_project_Cube\BaiTHso3_2_project_Cube\GLSLExperiment\example1.cpp(340,46): warning C4305: 'argument': truncation from 'double' to 'GLfloat'
D:\2025\dhmt\btl36\BaiTHso3_2_project_Cube\BaiTHso3_2_project_Cube\GLSLExperiment\example1.cpp(340,41): warning C4305: 'argument': truncation from 'double' to 'GLfloat'
D:\2025\dhmt\btl36\BaiTHso3_2_project_Cube\BaiTHso3_2_project_Cube\GLSLExperiment\example1.cpp(342,24): warning C4305: 'argument': truncation from 'double' to 'GLfloat'
D:\2025\dhmt\btl36\BaiTHso3_2_project_Cube\BaiTHso3_2_project_Cube\GLSLExperiment\example1.cpp(342,51): warning C4305: 'argument': truncation from 'double' to 'GLfloat'
D:\2025\dhmt\btl36\BaiTHso3_2_project_Cube\BaiTHso3_2_project_Cube\GLSLExperiment\example1.cpp(342,45): warning C4305: 'argument': truncation from 'double' to 'GLfloat'
D:\2025\dhmt\btl36\BaiTHso3_2_project_Cube\BaiTHso3_2_project_Cube\GLSLExperiment\example1.cpp(342,40): warning C4305: 'argument': truncation from 'double' to 'GLfloat'
D:\2025\dhmt\btl36\BaiTHso3_2_project_Cube\BaiTHso3_2_project_Cube\GLSLExperiment\example1.cpp(345,29): warning C4305: 'argument': truncation from 'double' to 'GLfloat'
D:\2025\dhmt\btl36\BaiTHso3_2_project_Cube\BaiTHso3_2_project_Cube\GLSLExperiment\example1.cpp(345,52): warning C4305: 'argument': truncation from 'double' to 'GLfloat'
D:\2025\dhmt\btl36\BaiTHso3_2_project_Cube\BaiTHso3_2_project_Cube\GLSLExperiment\example1.cpp(345,47): warning C4305: 'argument': truncation from 'double' to 'GLfloat'
D:\2025\dhmt\btl36\BaiTHso3_2_project_Cube\BaiTHso3_2_project_Cube\GLSLExperiment\example1.cpp(345,42): warning C4305: 'argument': truncation from 'double' to 'GLfloat'
D:\2025\dhmt\btl36\BaiTHso3_2_project_Cube\BaiTHso3_2_project_Cube\GLSLExperiment\example1.cpp(348,21): warning C4305: 'argument': truncation from 'double' to 'GLfloat'
D:\2025\dhmt\btl36\BaiTHso3_2_project_Cube\BaiTHso3_2_project_Cube\GLSLExperiment\example1.cpp(348,54): warning C4305: 'argument': truncation from 'double' to 'GLfloat'
D:\2025\dhmt\btl36\BaiTHso3_2_project_Cube\BaiTHso3_2_project_Cube\GLSLExperiment\example1.cpp(348,49): warning C4305: 'argument': truncation from 'double' to 'GLfloat'
D:\2025\dhmt\btl36\BaiTHso3_2_project_Cube\BaiTHso3_2_project_Cube\GLSLExperiment\example1.cpp(348,43): warning C4305: 'argument': truncation from 'double' to 'GLfloat'
D:\2025\dhmt\btl36\BaiTHso3_2_project_Cube\BaiTHso3_2_project_Cube\GLSLExperiment\example1.cpp(351,21): warning C4305: 'argument': truncation from 'double' to 'GLfloat'
D:\2025\dhmt\btl36\BaiTHso3_2_project_Cube\BaiTHso3_2_project_Cube\GLSLExperiment\example1.cpp(351,53): warning C4305: 'argument': truncation from 'double' to 'GLfloat'
D:\2025\dhmt\btl36\BaiTHso3_2_project_Cube\BaiTHso3_2_project_Cube\GLSLExperiment\example1.cpp(351,48): warning C4305: 'argument': truncation from 'double' to 'GLfloat'
D:\2025\dhmt\btl36\BaiTHso3_2_project_Cube\BaiTHso3_2_project_Cube\GLSLExperiment\example1.cpp(351,42): warning C4305: 'argument': truncation from 'double' to 'GLfloat'
D:\2025\dhmt\btl36\BaiTHso3_2_project_Cube\BaiTHso3_2_project_Cube\GLSLExperiment\example1.cpp(355,32): warning C4305: 'argument': truncation from 'double' to 'GLfloat'
D:\2025\dhmt\btl36\BaiTHso3_2_project_Cube\BaiTHso3_2_project_Cube\GLSLExperiment\example1.cpp(355,52): warning C4305: 'argument': truncation from 'double' to 'GLfloat'
D:\2025\dhmt\btl36\BaiTHso3_2_project_Cube\BaiTHso3_2_project_Cube\GLSLExperiment\example1.cpp(355,47): warning C4305: 'argument': truncation from 'double' to 'GLfloat'
D:\2025\dhmt\btl36\BaiTHso3_2_project_Cube\BaiTHso3_2_project_Cube\GLSLExperiment\example1.cpp(356,31): warning C4305: 'argument': truncation from 'double' to 'GLfloat'
D:\2025\dhmt\btl36\BaiTHso3_2_project_Cube\BaiTHso3_2_project_Cube\GLSLExperiment\example1.cpp(356,51): warning C4305: 'argument': truncation from 'double' to 'GLfloat'
D:\2025\dhmt\btl36\BaiTHso3_2_project_Cube\BaiTHso3_2_project_Cube\GLSLExperiment\example1.cpp(356,46): warning C4305: 'argument': truncation from 'double' to 'GLfloat'
D:\2025\dhmt\btl36\BaiTHso3_2_project_Cube\BaiTHso3_2_project_Cube\GLSLExperiment\example1.cpp(358,31): warning C4305: 'argument': truncation from 'double' to 'GLfloat'
D:\2025\dhmt\btl36\BaiTHso3_2_project_Cube\BaiTHso3_2_project_Cube\GLSLExperiment\example1.cpp(358,24): warning C4305: 'argument': truncation from 'double' to 'GLfloat'
D:\2025\dhmt\btl36\BaiTHso3_2_project_Cube\BaiTHso3_2_project_Cube\GLSLExperiment\example1.cpp(358,53): warning C4305: 'argument': truncation from 'double' to 'GLfloat'
D:\2025\dhmt\btl36\BaiTHso3_2_project_Cube\BaiTHso3_2_project_Cube\GLSLExperiment\example1.cpp(358,46): warning C4305: 'argument': truncation from 'double' to 'GLfloat'
D:\2025\dhmt\btl36\BaiTHso3_2_project_Cube\BaiTHso3_2_project_Cube\GLSLExperiment\example1.cpp(384,35): warning C4305: 'argument': truncation from 'double' to 'GLfloat'
D:\2025\dhmt\btl36\BaiTHso3_2_project_Cube\BaiTHso3_2_project_Cube\GLSLExperiment\example1.cpp(384,29): warning C4305: 'argument': truncation from 'double' to 'GLfloat'
D:\2025\dhmt\btl36\BaiTHso3_2_project_Cube\BaiTHso3_2_project_Cube\GLSLExperiment\example1.cpp(386,46): warning C4305: 'argument': truncation from 'double' to 'GLfloat'
D:\2025\dhmt\btl36\BaiTHso3_2_project_Cube\BaiTHso3_2_project_Cube\GLSLExperiment\example1.cpp(386,41): warning C4305: 'argument': truncation from 'double' to 'GLfloat'
D:\2025\dhmt\btl36\BaiTHso3_2_project_Cube\BaiTHso3_2_project_Cube\GLSLExperiment\example1.cpp(386,36): warning C4305: 'argument': truncation from 'double' to 'GLfloat'
D:\2025\dhmt\btl36\BaiTHso3_2_project_Cube\BaiTHso3_2_project_Cube\GLSLExperiment\example1.cpp(389,34): warning C4305: 'argument': truncation from 'double' to 'GLfloat'
D:\2025\dhmt\btl36\BaiTHso3_2_project_Cube\BaiTHso3_2_project_Cube\GLSLExperiment\example1.cpp(389,29): warning C4305: 'argument': truncation from 'double' to 'GLfloat'
D:\2025\dhmt\btl36\BaiTHso3_2_project_Cube\BaiTHso3_2_project_Cube\GLSLExperiment\example1.cpp(389,24): warning C4305: 'argument': truncation from 'double' to 'GLfloat'
D:\2025\dhmt\btl36\BaiTHso3_2_project_Cube\BaiTHso3_2_project_Cube\GLSLExperiment\example1.cpp(391,48): warning C4305: 'argument': truncation from 'double' to 'GLfloat'
D:\2025\dhmt\btl36\BaiTHso3_2_project_Cube\BaiTHso3_2_project_Cube\GLSLExperiment\example1.cpp(391,42): warning C4305: 'argument': truncation from 'double' to 'GLfloat'
D:\2025\dhmt\btl36\BaiTHso3_2_project_Cube\BaiTHso3_2_project_Cube\GLSLExperiment\example1.cpp(391,36): warning C4305: 'argument': truncation from 'double' to 'GLfloat'
D:\2025\dhmt\btl36\BaiTHso3_2_project_Cube\BaiTHso3_2_project_Cube\GLSLExperiment\example1.cpp(483,16): warning C4305: '=': truncation from 'double' to 'GLfloat'
D:\2025\dhmt\btl36\BaiTHso3_2_project_Cube\BaiTHso3_2_project_Cube\GLSLExperiment\example1.cpp(484,15): warning C4305: '=': truncation from 'double' to 'GLfloat'
D:\2025\dhmt\btl36\BaiTHso3_2_project_Cube\BaiTHso3_2_project_Cube\GLSLExperiment\example1.cpp(487,14): warning C4305: '=': truncation from 'double' to 'GLfloat'
D:\2025\dhmt\btl36\BaiTHso3_2_project_Cube\BaiTHso3_2_project_Cube\GLSLExperiment\example1.cpp(488,16): warning C4305: '=': truncation from 'double' to 'GLfloat'
D:\2025\dhmt\btl36\BaiTHso3_2_project_Cube\BaiTHso3_2_project_Cube\GLSLExperiment\example1.cpp(528,10): warning C4566: character represented by universal-character-name '\u1EC3' cannot be represented in the current code page (1252)
  GLSLExperiment.vcxproj -> D:\2025\dhmt\btl36\BaiTHso3_2_project_Cube\BaiTHso3_2_project_Cube\Debug\GLSLExperiment.exe
